platform-android/build/intermediates/manifest_merge_blame_file/debug/processDebugManifest/manifest-merger-blame-debug-report.txt
1<?xml version="1.0" encoding="utf-8"?>
2<manifest xmlns:android="http://schemas.android.com/apk/res/android"
3    xmlns:tools="http://schemas.android.com/tools"
4    package="com.tactical.platform" >
5
6    <uses-sdk android:minSdkVersion="28" />
6-->INJECTED
6-->INJECTED
7
8    <!-- ===================== Audio (PTT / VOX) ===================== -->
9    <uses-permission android:name="android.permission.RECORD_AUDIO" />
9-->src\main\AndroidManifest.xml:6:5-71
9-->src\main\AndroidManifest.xml:6:22-68
10
11    <!-- ===================== Bluetooth LE ===================== -->
12    <!--
13         API 31+ (Android 12+): granular Bluetooth runtime permissions.
14         neverForLocation on SCAN because we derive proximity from RSSI +
15         BeaconPacket contents, not from BLE-inferred location.
16    -->
17    <uses-permission
17-->src\main\AndroidManifest.xml:12:5-15:32
18        android:name="android.permission.BLUETOOTH_SCAN"
18-->src\main\AndroidManifest.xml:13:9-57
19        android:usesPermissionFlags="neverForLocation"
19-->src\main\AndroidManifest.xml:14:9-55
20        tools:targetApi="31" />
20-->src\main\AndroidManifest.xml:15:9-29
21    <uses-permission
21-->src\main\AndroidManifest.xml:16:5-99
22        android:name="android.permission.BLUETOOTH_ADVERTISE"
22-->src\main\AndroidManifest.xml:16:22-75
23        tools:targetApi="31" />
23-->src\main\AndroidManifest.xml:16:76-96
24    <uses-permission
24-->src\main\AndroidManifest.xml:17:5-97
25        android:name="android.permission.BLUETOOTH_CONNECT"
25-->src\main\AndroidManifest.xml:17:22-73
26        tools:targetApi="31" />
26-->src\main\AndroidManifest.xml:17:74-94
27
28    <!--
29         API 28-30: legacy Bluetooth permissions + the location permission
30         BLE scanning requires on those levels. AndroidBleScanner picks
31         between this pair and the API 31+ set above at runtime.
32    -->
33    <uses-permission
33-->src\main\AndroidManifest.xml:22:5-24:38
34        android:name="android.permission.BLUETOOTH"
34-->src\main\AndroidManifest.xml:23:9-52
35        android:maxSdkVersion="30" />
35-->src\main\AndroidManifest.xml:24:9-35
36    <uses-permission
36-->src\main\AndroidManifest.xml:25:5-27:38
37        android:name="android.permission.BLUETOOTH_ADMIN"
37-->src\main\AndroidManifest.xml:26:9-58
38        android:maxSdkVersion="30" />
38-->src\main\AndroidManifest.xml:27:9-35
39    <uses-permission
39-->src\main\AndroidManifest.xml:28:5-30:38
40        android:name="android.permission.ACCESS_FINE_LOCATION"
40-->src\main\AndroidManifest.xml:29:9-63
41        android:maxSdkVersion="32" />
41-->src\main\AndroidManifest.xml:30:9-35
42
43    <!--
44         Declares BLE as used-but-not-required: many tactical radios/relays
45         are phones without native BLE, but we don't gate install on it.
46    -->
47    <uses-feature
47-->src\main\AndroidManifest.xml:34:5-36:36
48        android:name="android.hardware.bluetooth_le"
48-->src\main\AndroidManifest.xml:35:9-53
49        android:required="false" />
49-->src\main\AndroidManifest.xml:36:9-33
50
51    <!-- ===================== Wi-Fi Direct ===================== -->
52    <uses-permission android:name="android.permission.ACCESS_WIFI_STATE" />
52-->src\main\AndroidManifest.xml:39:5-76
52-->src\main\AndroidManifest.xml:39:22-73
53    <uses-permission android:name="android.permission.CHANGE_WIFI_STATE" />
53-->src\main\AndroidManifest.xml:40:5-76
53-->src\main\AndroidManifest.xml:40:22-73
54    <uses-permission android:name="android.permission.ACCESS_NETWORK_STATE" />
54-->src\main\AndroidManifest.xml:41:5-79
54-->src\main\AndroidManifest.xml:41:22-76
55    <uses-permission android:name="android.permission.CHANGE_NETWORK_STATE" />
55-->src\main\AndroidManifest.xml:42:5-79
55-->src\main\AndroidManifest.xml:42:22-76
56    <!--
57         API 33+ replacement for ACCESS_FINE_LOCATION as the Wi-Fi Direct
58         peer-discovery gate. ACCESS_FINE_LOCATION above (maxSdkVersion=32)
59         still covers API 28-32 for this same purpose.
60    -->
61    <uses-permission
61-->src\main\AndroidManifest.xml:46:5-99
62        android:name="android.permission.NEARBY_WIFI_DEVICES"
62-->src\main\AndroidManifest.xml:46:22-75
63        tools:targetApi="33" />
63-->src\main\AndroidManifest.xml:46:76-96
64
65    <uses-feature
65-->src\main\AndroidManifest.xml:48:5-50:36
66        android:name="android.hardware.wifi.direct"
66-->src\main\AndroidManifest.xml:49:9-52
67        android:required="false" />
67-->src\main\AndroidManifest.xml:50:9-33
68
69    <!-- ===================== Flashlight / Camera torch ===================== -->
70    <uses-permission android:name="android.permission.CAMERA" />
70-->src\main\AndroidManifest.xml:53:5-65
70-->src\main\AndroidManifest.xml:53:22-62
71
72    <uses-feature
72-->src\main\AndroidManifest.xml:54:5-56:36
73        android:name="android.hardware.camera.flash"
73-->src\main\AndroidManifest.xml:55:9-53
74        android:required="false" />
74-->src\main\AndroidManifest.xml:56:9-33
75
76    <!-- ===================== Haptics ===================== -->
77    <uses-permission android:name="android.permission.VIBRATE" />
77-->src\main\AndroidManifest.xml:59:5-66
77-->src\main\AndroidManifest.xml:59:22-63
78
79    <!-- ===================== Power ===================== -->
80    <uses-permission android:name="android.permission.WAKE_LOCK" />
80-->src\main\AndroidManifest.xml:62:5-68
80-->src\main\AndroidManifest.xml:62:22-65
81    <uses-permission android:name="android.permission.REQUEST_IGNORE_BATTERY_OPTIMIZATIONS" />
81-->src\main\AndroidManifest.xml:63:5-95
81-->src\main\AndroidManifest.xml:63:22-92
82
83    <!-- ===================== Notifications (API 33+) ===================== -->
84    <uses-permission android:name="android.permission.POST_NOTIFICATIONS" />
84-->src\main\AndroidManifest.xml:66:5-77
84-->src\main\AndroidManifest.xml:66:22-74
85
86    <!-- ===================== Mesh relay foreground service ===================== -->
87    <uses-permission android:name="android.permission.FOREGROUND_SERVICE" />
87-->src\main\AndroidManifest.xml:69:5-77
87-->src\main\AndroidManifest.xml:69:22-74
88    <uses-permission android:name="android.permission.FOREGROUND_SERVICE_CONNECTED_DEVICE" />
88-->src\main\AndroidManifest.xml:70:5-94
88-->src\main\AndroidManifest.xml:70:22-91
89
90    <application>
90-->src\main\AndroidManifest.xml:72:5-88:19
91
92        <!--
93          TODO(open item): the actual mesh-relay foreground Service class
94          isn't among platform-android's files per architecture.md — it
95          isn't listed under engine-mesh's tree either (not yet seen).
96          Once that class exists, declare it here, e.g.:
97
98          <service
99              android:name="<fully-qualified-class>"
100              android:foregroundServiceType="connectedDevice"
101              android:exported="false" />
102
103          Flag for whoever owns engine-mesh / app: where does this
104          Service live, and does app/AndroidManifest.xml expect to
105          declare it itself instead of it living in this module?
106        -->
107    </application>
108
109</manifest>